-------------------- WHITE(betsy.py) turn --------------------------------
depth: 1, score: 652.5, runtime: 0.002148866653442383, states visited: 34, cache hit: 0
.........R....K....................k..........................R.
depth: 2, score: 600.0, runtime: 0.004820108413696289, states visited: 95, cache hit: 0
.........R.....................K...k..........................R.
depth: 3, score: 645.0, runtime: 0.09888005256652832, states visited: 4001, cache hit: 0
..........R...........K............k..........................R.
depth: 4, score: 600.0, runtime: 0.16530823707580566, states visited: 3768, cache hit: 751
.........R............K............k..........R.................
depth: 5, score: 667.5, runtime: 1.3699240684509277, states visited: 55042, cache hit: 1432
......................K..R.........k..........................R.
depth: 6, score: 607.5, runtime: 3.7836129665374756, states visited: 76085, cache hit: 45387
.........R............K............k..........R.................
-------------------- black(betsy.py) turn --------------------------------
depth: 1, score: -607.5, runtime: 0.00092315673828125, states visited: 9, cache hit: 0
.........R............K...k...................R.................
depth: 2, score: -607.5, runtime: 0.004018068313598633, states visited: 144, cache hit: 0
.........R............K...........k...........R.................
depth: 3, score: -630.0, runtime: 0.022736787796020508, states visited: 626, cache hit: 0
.........R............K....k..................R.................
depth: 4, score: -630.0, runtime: 0.14835190773010254, states visited: 5443, cache hit: 106
.........R............K....k..................R.................
depth: 5, score: -615.0, runtime: 0.4724540710449219, states visited: 12001, cache hit: 2359
.........R............K....k..................R.................
depth: 6, score: -630.0, runtime: 2.2261481285095215, states visited: 81494, cache hit: 2694
.........R............K....k..................R.................
depth: 7, score: -630.0, runtime: 5.0515289306640625, states visited: 107555, cache hit: 57421
.........R............K....k..................R.................
-------------------- WHITE(betsy.py) turn --------------------------------
depth: 1, score: 645.0, runtime: 0.001683950424194336, states visited: 34, cache hit: 0
.........R....K............k..................R.................
depth: 2, score: 607.5, runtime: 0.005252838134765625, states visited: 183, cache hit: 0
.........R.................k...K..............R.................
depth: 3, score: 637.5, runtime: 0.0656120777130127, states visited: 2797, cache hit: 0
......................K....k..................R..R..............
depth: 4, score: 607.5, runtime: 0.10478329658508301, states visited: 2372, cache hit: 615
......................K....k.....R............R.................
depth: 5, score: 652.5, runtime: 1.7942030429840088, states visited: 70360, cache hit: 1866
.........R....K............k..................R.................
depth: 6, score: 615.0, runtime: 2.7723870277404785, states visited: 53770, cache hit: 34427
......................K....k.....R............R.................
-------------------- black(betsy.py) turn --------------------------------
depth: 1, score: -600.0, runtime: 0.0008618831634521484, states visited: 9, cache hit: 0
...................k..K..........R............R.................
depth: 2, score: -622.5, runtime: 0.004364967346191406, states visited: 122, cache hit: 0
......................K...k......R............R.................
depth: 3, score: -600.0, runtime: 0.019570112228393555, states visited: 543, cache hit: 0
..................k...K..........R............R.................
depth: 4, score: -630.0, runtime: 0.07742905616760254, states visited: 2795, cache hit: 53
...................k..K..........R............R.................
depth: 5, score: -615.0, runtime: 0.32853007316589355, states visited: 7659, cache hit: 1577
...................k..K..........R............R.................
depth: 6, score: -645.0, runtime: 1.7916479110717773, states visited: 66202, cache hit: 1770
...................k..K..........R............R.................
depth: 7, score: -630.0, runtime: 5.220253944396973, states visited: 106074, cache hit: 57264
...................k..K..........R............R.................
-------------------- WHITE(betsy.py) turn --------------------------------
depth: 1, score: 630.0, runtime: 0.0014519691467285156, states visited: 34, cache hit: 0
..............K....k.............R............R.................
depth: 2, score: 622.5, runtime: 0.0039408206939697266, states visited: 101, cache hit: 0
...................k..K.............R.........R.................
depth: 3, score: 637.5, runtime: 0.06496691703796387, states visited: 2650, cache hit: 0
...................k..K.............R.........R.................
depth: 4, score: 622.5, runtime: 0.10217785835266113, states visited: 2251, cache hit: 618
...................k..K.......R..R..............................
depth: 5, score: 637.5, runtime: 1.6050701141357422, states visited: 61879, cache hit: 1939
...................k..K...........R...........R.................
depth: 6, score: 637.5, runtime: 2.2129428386688232, states visited: 40674, cache hit: 26422
...................k..K.......R..R..............................
-------------------- black(betsy.py) turn --------------------------------
depth: 1, score: -585.0, runtime: 0.0012390613555908203, states visited: 9, cache hit: 0
...........k..........K.......R..R..............................
depth: 2, score: -622.5, runtime: 0.00635981559753418, states visited: 115, cache hit: 0
..................k...K.......R..R..............................
depth: 3, score: -592.5, runtime: 0.022953033447265625, states visited: 601, cache hit: 0
..........k...........K.......R..R..............................
depth: 4, score: -645.0, runtime: 0.07543110847473145, states visited: 2744, cache hit: 41
...........k..........K.......R..R..............................
depth: 5, score: -615.0, runtime: 0.4294888973236084, states visited: 10388, cache hit: 2112
..........k...........K.......R..R..............................
depth: 6, score: -652.5, runtime: 1.114166021347046, states visited: 42812, cache hit: 1256
...........k..........K.......R..R..............................
depth: 7, score: -637.5, runtime: 3.663893938064575, states visited: 74113, cache hit: 41589
..................k...K.......R..R..............................
-------------------- WHITE(betsy.py) turn --------------------------------
depth: 1, score: 630.0, runtime: 0.0014410018920898438, states visited: 33, cache hit: 0
..............K...k...........R..R..............................
depth: 2, score: 622.5, runtime: 0.0033807754516601562, states visited: 79, cache hit: 0
..................k...K.....R....R..............................
depth: 3, score: 637.5, runtime: 0.04994702339172363, states visited: 1994, cache hit: 0
..................k...K.....R....R..............................
depth: 4, score: 637.5, runtime: 0.12476301193237305, states visited: 2697, cache hit: 671
..................k...K......R...R..............................
depth: 5, score: 652.5, runtime: 0.8617532253265381, states visited: 34546, cache hit: 898
..................k...K.....R....R..............................
depth: 6, score: 645.0, runtime: 1.4333457946777344, states visited: 27893, cache hit: 18715
..................k...K.....R....R..............................
-------------------- black(betsy.py) turn --------------------------------
depth: 1, score: -592.5, runtime: 0.0008656978607177734, states visited: 9, cache hit: 0
.........k............K.....R....R..............................
depth: 2, score: -645.0, runtime: 0.0044209957122802734, states visited: 119, cache hit: 0
..........k...........K.....R....R..............................
depth: 3, score: -607.5, runtime: 0.017049789428710938, states visited: 473, cache hit: 0
...................k..K.....R....R..............................
depth: 4, score: -652.5, runtime: 0.10274195671081543, states visited: 3830, cache hit: 32
..........k...........K.....R....R..............................
depth: 5, score: -637.5, runtime: 0.4015829563140869, states visited: 9432, cache hit: 1565
..........k...........K.....R....R..............................
depth: 6, score: -660.0, runtime: 1.777721881866455, states visited: 66393, cache hit: 1745
..........k...........K.....R....R..............................
depth: 7, score: -645.0, runtime: 3.7616500854492188, states visited: 74193, cache hit: 42228
..........k...........K.....R....R..............................
-------------------- WHITE(betsy.py) turn --------------------------------
depth: 1, score: 637.5, runtime: 0.0015070438385009766, states visited: 37, cache hit: 0
..........k...K.............R....R..............................
depth: 2, score: 645.0, runtime: 0.004239320755004883, states visited: 115, cache hit: 0
..........k...........K.....R.......R...........................
depth: 3, score: 652.5, runtime: 0.07087087631225586, states visited: 2639, cache hit: 0
..........k...K.............R....R..............................
depth: 4, score: 645.0, runtime: 0.12474417686462402, states visited: 2714, cache hit: 684
..........k...........K..........R..R...........................
depth: 5, score: 660.0, runtime: 1.339540958404541, states visited: 53031, cache hit: 1472
..........k...K.............R....R..............................
depth: 6, score: 660.0, runtime: 1.891037940979004, states visited: 36518, cache hit: 26201
..........k.................R..K.R..............................
-------------------- black(betsy.py) turn --------------------------------
depth: 1, score: -585.0, runtime: 0.0008907318115234375, states visited: 9, cache hit: 0
.k..........................R..K.R..............................
depth: 2, score: -652.5, runtime: 0.003615140914916992, states visited: 113, cache hit: 0
..................k.........R..K.R..............................
depth: 3, score: -607.5, runtime: 0.017141103744506836, states visited: 509, cache hit: 0
..k.........................R..K.R..............................
depth: 4, score: -660.0, runtime: 0.10231280326843262, states visited: 3738, cache hit: 79
..................k.........R..K.R..............................
depth: 5, score: -615.0, runtime: 0.2752392292022705, states visited: 6292, cache hit: 1260
..................k.........R..K.R..............................
depth: 6, score: -667.5, runtime: 1.5249111652374268, states visited: 57646, cache hit: 1971
..................k.........R..K.R..............................
depth: 7, score: -630.0, runtime: 3.499875783920288, states visited: 70197, cache hit: 42686
...................k........R..K.R..............................
-------------------- WHITE(betsy.py) turn --------------------------------
depth: 1, score: 645.0, runtime: 0.0014219284057617188, states visited: 33, cache hit: 0
...................k........R..K....R...........................
depth: 2, score: 630.0, runtime: 0.0036971569061279297, states visited: 96, cache hit: 0
...................k...........K.R..R...........................
depth: 3, score: 637.5, runtime: 0.03408384323120117, states visited: 1230, cache hit: 0
...................k........R..K....R...........................
depth: 4, score: 660.0, runtime: 0.0817270278930664, states visited: 1767, cache hit: 306
...................k........R..K....R...........................
depth: 5, score: 637.5, runtime: 0.8382608890533447, states visited: 31587, cache hit: 648
...................k........R..K....R...........................
depth: 6, score: 652.5, runtime: 1.3249449729919434, states visited: 25081, cache hit: 15763
...................k........R..K....R...........................
-------------------- black(betsy.py) turn --------------------------------
depth: 1, score: -337.5, runtime: 0.0008809566497802734, states visited: 9, cache hit: 0
............................k..K....R...........................
depth: 2, score: -660.0, runtime: 0.0032987594604492188, states visited: 106, cache hit: 0
..................k.........R..K....R...........................
depth: 3, score: -615.0, runtime: 0.015786170959472656, states visited: 480, cache hit: 0
..........k.................R..K....R...........................
depth: 4, score: -667.5, runtime: 0.09466886520385742, states visited: 3360, cache hit: 44
...........k................R..K....R...........................
depth: 5, score: -630.0, runtime: 0.3002300262451172, states visited: 6836, cache hit: 1096
...........k................R..K....R...........................
depth: 6, score: -690.0, runtime: 1.4328269958496094, states visited: 52055, cache hit: 1455
...........k................R..K....R...........................
depth: 7, score: -645.0, runtime: 3.5220298767089844, states visited: 69883, cache hit: 38005
...........k................R..K....R...........................
-------------------- WHITE(betsy.py) turn --------------------------------
depth: 1, score: 637.5, runtime: 0.0013146400451660156, states visited: 25, cache hit: 0
...........k...........K....R.......R...........................
depth: 2, score: 660.0, runtime: 0.003340005874633789, states visited: 87, cache hit: 0
...........k................R.......R..K........................
depth: 3, score: 652.5, runtime: 0.055635929107666016, states visited: 1875, cache hit: 0
...........k...........K....R.......R...........................
depth: 4, score: 660.0, runtime: 0.06701517105102539, states visited: 1417, cache hit: 327
...........k................R..K...R............................
depth: 5, score: 645.0, runtime: 0.8890810012817383, states visited: 33119, cache hit: 1016
...........k...........K....R.......R...........................
depth: 6, score: 660.0, runtime: 1.151949167251587, states visited: 21603, cache hit: 12216
...........k..............R....K....R...........................
-------------------- black(betsy.py) turn --------------------------------
depth: 1, score: -615.0, runtime: 0.0008909702301025391, states visited: 9, cache hit: 0
..k.......................R....K....R...........................
depth: 2, score: -660.0, runtime: 0.0027539730072021484, states visited: 70, cache hit: 0
...................k......R....K....R...........................
depth: 3, score: -622.5, runtime: 0.010168075561523438, states visited: 260, cache hit: 0
...................k......R....K....R...........................
depth: 4, score: -660.0, runtime: 0.04543614387512207, states visited: 1607, cache hit: 44
...................k......R....K....R...........................
depth: 5, score: -622.5, runtime: 0.14526796340942383, states visited: 3439, cache hit: 441
...................k......R....K....R...........................
depth: 6, score: -667.5, runtime: 0.733924150466919, states visited: 28176, cache hit: 697
...................k......R....K....R...........................
depth: 7, score: -645.0, runtime: 1.9779527187347412, states visited: 39482, cache hit: 21002
...................k......R....K....R...........................
-------------------- WHITE(betsy.py) turn --------------------------------
depth: 1, score: 645.0, runtime: 0.0015411376953125, states visited: 33, cache hit: 0
...................k........R..K....R...........................
depth: 2, score: 645.0, runtime: 0.0038259029388427734, states visited: 92, cache hit: 0
...................k.........R.K....R...........................
depth: 3, score: 637.5, runtime: 0.03479290008544922, states visited: 1202, cache hit: 0
...................k........R..K....R...........................
depth: 4, score: 660.0, runtime: 0.08072590827941895, states visited: 1552, cache hit: 279
...................k........R..K....R...........................
depth: 5, score: 652.5, runtime: 0.8500330448150635, states visited: 30951, cache hit: 658
...................k...........K..R.R...........................
depth: 6, score: 660.0, runtime: 0.965303897857666, states visited: 18535, cache hit: 11628
...................k...........K..R.R...........................
-------------------- black(betsy.py) turn --------------------------------
depth: 1, score: -622.5, runtime: 0.0008702278137207031, states visited: 9, cache hit: 0
...........k...................K..R.R...........................
depth: 2, score: -660.0, runtime: 0.0021941661834716797, states visited: 53, cache hit: 0
...........................k...K..R.R...........................
depth: 3, score: -345.0, runtime: 0.005132913589477539, states visited: 121, cache hit: 0
...........................k...K..R.R...........................
depth: 4, score: -667.5, runtime: 0.052130699157714844, states visited: 1725, cache hit: 52
...........................k...K..R.R...........................
depth: 5, score: -645.0, runtime: 0.16354990005493164, states visited: 3612, cache hit: 646
...........k...................K..R.R...........................
depth: 6, score: -690.0, runtime: 0.680588960647583, states visited: 23744, cache hit: 792
...........................k...K..R.R...........................
depth: 7, score: -637.5, runtime: 1.1665000915527344, states visited: 24432, cache hit: 11499
...........................k...K..R.R...........................
depth: 8, score: -100000000000.0, runtime: 6.8978657722473145, states visited: 255826, cache hit: 19405
...........................k...K..R.R...........................
-------------------- WHITE(betsy.py) turn --------------------------------
depth: 1, score: 660.0, runtime: 0.0012826919555664062, states visited: 27, cache hit: 0
...........................k...K...RR...........................
depth: 2, score: 330.0, runtime: 0.003016948699951172, states visited: 74, cache hit: 0
...........................k...K...RR...........................
depth: 3, score: 667.5, runtime: 0.028814077377319336, states visited: 990, cache hit: 0
.......................K...k......R.R...........................
depth: 4, score: 660.0, runtime: 0.0746769905090332, states visited: 1540, cache hit: 283
...........................k......R.R..K........................
depth: 5, score: 660.0, runtime: 0.5403351783752441, states visited: 20998, cache hit: 402
.......................K...k......R.R...........................
depth: 6, score: 652.5, runtime: 0.8324627876281738, states visited: 15757, cache hit: 9108
...........................k...K...RR...........................
depth: 7, score: 100000000000.0, runtime: 5.780390977859497, states visited: 210556, cache hit: 15386
......................K....k......R.R...........................
-------------------- black(betsy.py) turn --------------------------------
depth: 1, score: -337.5, runtime: 0.0011568069458007812, states visited: 9, cache hit: 0
......................K...........k.R...........................
depth: 2, score: -652.5, runtime: 0.00251007080078125, states visited: 72, cache hit: 0
...................k..K...........R.R...........................
depth: 3, score: -652.5, runtime: 0.008190155029296875, states visited: 210, cache hit: 0
...................k..K...........R.R...........................
depth: 4, score: -660.0, runtime: 0.048551082611083984, states visited: 1762, cache hit: 19
...................k..K...........R.R...........................
depth: 5, score: -630.0, runtime: 0.13924789428710938, states visited: 3002, cache hit: 535
...................k..K...........R.R...........................
depth: 6, score: -100000000000.0, runtime: 0.8391013145446777, states visited: 30609, cache hit: 971
......................K...........k.R...........................
depth: 7, score: -100000000000.0, runtime: 2.061223030090332, states visited: 42700, cache hit: 20910
......................K...........k.R...........................
-------------------- WHITE(betsy.py) turn --------------------------------
depth: 1, score: 100000000000.0, runtime: 0.001132965087890625, states visited: 21, cache hit: 0
......................K...........R.............................
depth: 2, score: 100000000000.0, runtime: 0.001934051513671875, states visited: 40, cache hit: 0
......................K...........R.............................
depth: 3, score: 100000000000.0, runtime: 0.010535001754760742, states visited: 427, cache hit: 0
......................K...........R.............................
depth: 4, score: 100000000000.0, runtime: 0.022964954376220703, states visited: 437, cache hit: 188
......................K...........R.............................
depth: 5, score: 100000000000.0, runtime: 0.09861397743225098, states visited: 3919, cache hit: 188
......................K...........R.............................
depth: 6, score: 100000000000.0, runtime: 0.12314915657043457, states visited: 2089, cache hit: 2835
......................K...........R.............................
depth: 7, score: 100000000000.0, runtime: 0.4245178699493408, states visited: 15455, cache hit: 2895
......................K...........R.............................
depth: 8, score: 100000000000.0, runtime: 0.34644508361816406, states visited: 5300, cache hit: 14630
......................K...........R.............................
depth: 9, score: 100000000000.0, runtime: 0.9305281639099121, states visited: 31402, cache hit: 14777
......................K...........R.............................
depth: 10, score: 100000000000.0, runtime: 0.7517890930175781, states visited: 9853, cache hit: 38550
......................K...........R.............................
depth: 11, score: 100000000000.0, runtime: 1.5828633308410645, states visited: 45388, cache hit: 38694
......................K...........R.............................
depth: 12, score: 100000000000.0, runtime: 1.3112192153930664, states visited: 16143, cache hit: 70999
......................K...........R.............................
depth: 13, score: 100000000000.0, runtime: 2.381381034851074, states visited: 65697, cache hit: 71294
......................K...........R.............................
